<?xml version="1.0" encoding="UTF-8"?>
<!-- Generated by org.testng.reporters.JUnitReportReporter -->
<testsuite hostname="LPJ-Laptop" name="org.wikiaPage.NewTest" tests="3" failures="0" timestamp="31 Aug 2014 19:38:17 GMT" time="10.996" errors="0">
  <testcase name="test003_loginAndVerify" time="8.167" classname="org.wikiaPage.NewTest"/>
  <testcase name="test001_redirection" time="2.683" classname="org.wikiaPage.NewTest"/>
  <testcase name="test002_loginTableAppears" time="0.146" classname="org.wikiaPage.NewTest"/>
</testsuite> <!-- org.wikiaPage.NewTest -->
