<?xml version="1.0" encoding="UTF-8"?>
<!-- Generated by org.testng.reporters.JUnitReportReporter -->
<testsuite hostname="LPJ-Laptop" name="org.wikiaPage.AddVideoScenario" tests="5" failures="0" timestamp="31 Aug 2014 21:54:49 GMT" time="28.570" errors="0">
  <testcase name="test001_redirection" time="5.895" classname="org.wikiaPage.AddVideoScenario"/>
  <testcase name="test003_clickAddVideo_verifyRedirection" time="6.453" classname="org.wikiaPage.AddVideoScenario"/>
  <testcase name="test005_clickFlashMessageLink_verifyRedirectionAndFileName" time="8.572" classname="org.wikiaPage.AddVideoScenario"/>
  <testcase name="test002_clickContribute_verifyDropdownShown" time="0.135" classname="org.wikiaPage.AddVideoScenario"/>
  <testcase name="test004_addVideo_verifyFlashMessage" time="7.515" classname="org.wikiaPage.AddVideoScenario"/>
</testsuite> <!-- org.wikiaPage.AddVideoScenario -->
