<?xml version="1.0" encoding="UTF-8"?>
<!-- Generated by org.testng.reporters.JUnitReportReporter -->
<testsuite hostname="LPJ-Laptop" name="org.wikiaPage.LogInScenario" tests="3" failures="0" timestamp="1 Sep 2014 09:43:03 GMT" time="9.637" errors="0">
  <testcase name="test003_loginAndVerify" time="6.652" classname="org.wikiaPage.LogInScenario"/>
  <testcase name="test002_loginTableAppears" time="2.289" classname="org.wikiaPage.LogInScenario"/>
  <testcase name="test001_redirection" time="0.696" classname="org.wikiaPage.LogInScenario"/>
</testsuite> <!-- org.wikiaPage.LogInScenario -->
