<?xml version="1.0" encoding="UTF-8"?>
<!-- Generated by org.testng.reporters.JUnitReportReporter -->
<testsuite hostname="LPJ-Laptop" name="org.wikiaPage.AddVideoScenarioTest" tests="5" failures="0" timestamp="1 Sep 2014 13:07:07 GMT" time="36.890" errors="0">
  <testcase name="test002_clickContribute_verifyDropdownShown" time="0.172" classname="org.wikiaPage.AddVideoScenarioTest"/>
  <testcase name="test004_addVideo_verifyFlashMessage" time="5.065" classname="org.wikiaPage.AddVideoScenarioTest"/>
  <testcase name="test005_clickFlashMessageLink_verifyRedirectionAndFileName" time="8.088" classname="org.wikiaPage.AddVideoScenarioTest"/>
  <testcase name="test003_clickAddVideo_verifyRedirection" time="3.165" classname="org.wikiaPage.AddVideoScenarioTest"/>
  <testcase name="test001_redirection" time="20.400" classname="org.wikiaPage.AddVideoScenarioTest"/>
</testsuite> <!-- org.wikiaPage.AddVideoScenarioTest -->
