<?xml version="1.0" encoding="UTF-8"?>
<!-- Generated by org.testng.reporters.JUnitReportReporter -->
<testsuite hostname="LPJ-Laptop" name="org.wikiaPage.LogInScenarioTest" tests="3" failures="0" timestamp="1 Sep 2014 13:07:06 GMT" time="8.452" errors="0">
  <testcase name="test001_redirection" time="0.016" classname="org.wikiaPage.LogInScenarioTest"/>
  <testcase name="test002_loginTableAppears" time="0.153" classname="org.wikiaPage.LogInScenarioTest"/>
  <testcase name="test003_loginAndVerify" time="8.283" classname="org.wikiaPage.LogInScenarioTest"/>
</testsuite> <!-- org.wikiaPage.LogInScenarioTest -->
